2018-01-16T16:52:33 - Initial setup
2018-01-16T09:57:05 - Remove unused code
2018-01-15T16:39:14 - Improve UI/UX
2018-01-15T14:52:42 - Add new feature
2018-01-15T18:54:10 - Add new feature
2018-01-11T15:17:06 - Initial setup
2018-01-11T13:00:41 - Refactor code structure
2018-01-11T10:12:19 - Add tests
2018-01-11T12:52:36 - Improve UI/UX
2018-01-23T11:48:53 - Remove unused code
2018-01-23T09:38:43 - Minor cleanup
2018-01-23T18:59:11 - Add new feature
2018-01-18T17:01:15 - Minor cleanup
2018-01-18T10:21:36 - Fix bug in logic
2018-01-18T15:24:34 - Improve performance
2018-01-18T10:05:55 - Refactor code structure
2018-01-18T09:52:04 - Initial setup
2018-01-18T11:35:55 - Fix bug in logic
2018-01-22T09:49:12 - Remove unused code
2018-01-22T11:11:57 - Improve performance
2018-01-22T13:02:37 - Refactor code structure
2018-01-22T09:27:24 - Fix bug in logic
2018-01-22T18:02:12 - Fix bug in logic
2018-01-17T15:29:29 - Refactor code structure
2018-01-17T13:47:14 - Improve performance
2018-01-25T13:36:24 - Minor cleanup
2018-01-25T16:01:16 - Fix bug in logic
2018-01-25T17:36:47 - Add new feature
2018-01-25T10:17:10 - Remove unused code
2018-01-25T15:35:38 - Initial setup
2018-01-26T15:35:06 - Initial setup
2018-01-26T16:32:09 - Fix bug in logic
2018-01-29T12:42:48 - Fix bug in logic
2018-01-29T16:45:47 - Fix bug in logic
2018-01-31T14:53:35 - Refactor code structure
2018-01-31T11:21:43 - Refactor code structure
2018-01-31T17:40:05 - Add new feature
2018-01-31T16:58:30 - Update documentation
2018-01-31T18:16:48 - Add tests
2018-02-02T12:59:17 - Minor cleanup
2018-02-02T09:23:22 - Add new feature
2018-02-02T18:29:42 - Initial setup
2018-02-02T18:33:24 - Improve performance
2018-02-01T13:21:58 - Refactor code structure
2018-02-01T10:42:12 - Initial setup
2018-02-01T11:58:17 - Initial setup
2018-02-06T11:21:19 - Fix bug in logic
2018-02-06T10:36:25 - Initial setup
2018-02-07T15:43:30 - Improve UI/UX
2018-02-07T18:58:45 - Remove unused code
2018-02-07T10:41:19 - Refactor code structure
2018-02-07T11:44:57 - Update documentation
2018-02-07T14:32:22 - Remove unused code
2018-02-12T17:40:33 - Improve performance
2018-02-12T10:14:53 - Update documentation
2018-02-12T11:25:38 - Improve performance
2018-02-12T12:17:04 - Improve performance
2018-02-12T10:38:06 - Minor cleanup
2018-02-12T15:00:06 - Improve performance
2018-02-08T17:04:59 - Initial setup
2018-02-08T14:29:51 - Add tests
2018-02-08T14:16:09 - Fix bug in logic
2018-02-08T18:48:07 - Remove unused code
2018-02-08T15:18:17 - Fix bug in logic
2018-02-08T12:49:43 - Minor cleanup
2018-02-08T09:35:52 - Add new feature
2018-02-09T18:38:13 - Improve UI/UX
2018-02-09T18:39:01 - Refactor code structure
2018-02-09T17:48:44 - Update documentation
2018-02-13T18:44:45 - Remove unused code
2018-02-13T18:36:34 - Add new feature
2018-02-13T16:49:51 - Improve UI/UX
2018-02-19T11:26:49 - Refactor code structure
2018-02-19T14:27:56 - Remove unused code
2018-02-20T18:08:28 - Remove unused code
2018-02-20T15:28:33 - Add tests
2018-02-20T16:32:58 - Fix bug in logic
2018-02-26T16:33:16 - Update documentation
2018-02-26T09:45:28 - Update documentation
2018-02-21T18:58:29 - Improve performance
2018-02-21T18:45:46 - Minor cleanup
2018-02-21T16:40:40 - Improve UI/UX
2018-02-21T13:16:51 - Refactor code structure
2018-02-23T09:56:36 - Remove unused code
2018-02-23T11:49:23 - Minor cleanup
2018-02-23T15:25:06 - Refactor code structure
2018-02-27T15:56:19 - Refactor code structure
2018-02-27T11:42:21 - Improve UI/UX
2018-02-27T18:30:39 - Add new feature
2018-03-05T09:03:47 - Update documentation
